1 45
2 234
3 63
4 72
5 108
6 270
7 153
8 216
9 117
10 270
11 126
12 81
13 216
14 288
15 180
16 180
17 81
18 117
19 108
20 324
21 45
22 27
23 90
24 72
25 117
26 54
27 216
28 126
29 45
30 216
31 216
32 63
33 216
34 342
35 216
36 234
37 90
38 270
39 180
40 45
41 234
42 324
43 234
44 198
45 153
46 306
47 135
48 306
49 108
50 72
51 198
52 126
53 108
54 54
55 216
56 108
57 90
58 252
59 144
60 45
61 216
62 324
63 162
64 180
65 90
66 234
67 144
68 45
69 162
70 234
71 144
72 180
73 171
74 270
75 126
76 360
77 126
78 54
79 198
80 126
81 108
82 45
83 216
84 90
85 90
86 252
87 162
88 45
89 144
90 198
91 216
92 216
93 99
94 288
95 180
96 99
97 216
98 252
99 108
100 216
101 135
102 306
103 135
104 306
105 108
106 72
107 216
108 108
109 108
110 72
111 216
112 108
113 144
114 324
115 252
116 117
117 234
118 306
119 180
120 252
121 144
122 324
123 252
124 117
125 252
126 342
127 252
128 270
129 135
130 306
131 180
132 360
133 108
134 72
135 216
136 108
137 117
138 81
139 216
140 144
141 63
142 198
143 198
144 45
145 162
146 324
147 198
148 126
149 108
150 198
151 198
152 45
153 198
154 252
155 144
156 126
157 144
158 45
159 306
160 72
161 126
162 108
163 270
164 144
165 153
166 234
167 324
168 63
169 306
170 117
171 72
172 153
173 81
174 216
175 180
176 54
177 144
178 234
179 216
180 198
181 90
182 234
183 144
184 162
185 234
186 162
187 144
188 63
189 90
190 135
191 45
192 306
193 108
194 135
195 90
196 45
197 54
198 324
199 126
200 72
201 72
202 126
203 324
204 135
205 252
206 126
207 324
208 117
209 252
210 234
211 288
212 216
213 306
214 288
215 288
216 270
217 270
218 153
219 135
220 306
221 306
222 126
223 54
224 90
225 72
226 216
227 90
228 216
229 126
230 180
231 306
232 270
233 270
234 234
235 306
236 288
237 252
238 252
239 306
240 270
241 270
242 270
243 288
244 270
245 270
246 306
247 306
248 306
249 288
250 216
251 108
252 216
253 108
254 234
255 90
256 252
257 126
258 234
259 288
260 270
261 198
262 252
263 306
264 288
265 252
266 198
267 270
268 252
269 198
270 270
271 324
272 270
273 270
274 324
275 288
276 324
277 360
278 234
279 90
280 180
281 126
282 198
283 90
284 162
285 108
286 198
287 216
288 234
289 216
290 252
291 324
292 234
293 234
294 162
295 252
296 234
297 180
298 270
299 306
300 252
301 198
302 288
303 270
304 324
305 342
306 270
307 90
308 216
309 126
310 198
311 90
312 180
313 126
314 162
315 270
316 234
317 180
318 144
319 288
320 270
321 198
322 216
323 288
324 234
325 270
326 198
327 252
328 162
329 234
330 288
331 270
332 342
333 342
334 270
335 90
336 216
337 126
338 198
339 108
340 180
341 126
342 270
343 252
344 324
345 252
346 216
347 288
348 198
349 270
350 234
351 234
352 252
353 270
354 378
355 252
356 270
357 270
358 270
359 324
360 216
361 252
362 144
363 162
364 306
365 108
366 162
367 414
368 288
369 90
370 234
371 126
372 288
373 108
374 270
375 126
376 270
377 216
378 342
379 216
380 270
381 252
382 270
383 198
384 342
385 324
386 252
387 252
388 162
389 135
390 135
391 144
392 306
393 198
394 144
395 162
396 180
397 216
398 252
399 126
400 198
401 108
402 108
403 90
404 198
405 36
406 306
407 135
408 216
409 99
410 306
411 135
412 72
413 63
414 324
415 117
416 72
417 81
418 135
419 288
420 108
421 234
422 99
423 270
424 54
425 180
426 252
427 324
428 252
429 288
430 198
431 270
432 198
433 198
434 180
435 144
436 306
437 342
438 108
439 27
440 108
441 63
442 198
443 144
444 180
445 108
446 234
447 270
448 270
449 288
450 180
451 288
452 144
453 234
454 234
455 288
456 306
457 288
458 234
459 324
460 216
461 252
462 270
463 252
464 306
465 306
466 252
467 117
468 270
469 81
470 198
471 63
472 180
473 207
474 234
475 270
476 288
477 288
478 252
479 306
480 270
481 288
482 234
483 288
484 306
485 252
486 252
487 288
488 252
489 288
490 324
491 288
492 306
493 324
494 270
495 72
496 162
497 144
498 270
499 54
500 180
501 126
502 288
503 306
504 252
505 270
506 252
507 324
508 270
509 252
510 234
511 306
512 288
513 288
514 270
515 324
516 270
517 234
518 342
519 288
520 288
521 306
522 270
523 72
524 162
525 126
526 162
527 153
528 252
529 99
530 234
531 288
532 288
533 270
534 270
535 306
536 252
537 270
538 234
539 306
540 270
541 270
542 270
543 324
544 270
545 234
546 342
547 288
548 288
549 306
550 270
551 45
552 180
553 135
554 162
555 153
556 252
557 99
558 198
559 270
560 288
561 234
562 270
563 306
564 252
565 270
566 216
567 306
568 252
569 288
570 252
571 324
572 270
573 234
574 342
575 270
576 270
577 342
578 270
579 45
580 198
581 135
582 144
583 117
584 252
585 135
586 252
587 288
588 270
589 270
590 234
591 324
592 198
593 288
594 234
595 288
596 288
597 288
598 108
599 153
600 270
601 324
602 234
603 252
604 126
605 117
606 360
607 288
608 378
609 162
610 306
611 171
612 252
613 135
614 198
615 99
616 270
617 135
618 45
619 72
620 216
621 81
622 99
623 72
624 63
625 216
626 72
627 198
628 63
629 198
630 99
631 198
632 144
633 252
634 180
635 162
636 144
637 234
638 162
639 144
640 153
641 135
642 288
643 306
644 126
645 54
646 90
647 72
648 216
649 90
650 216
651 126
652 162
653 198
654 162
655 198
656 180
657 216
658 162
659 198
660 180
661 252
662 252
663 234
664 108
665 306
666 198
667 198
668 324
669 324
670 306
671 324
672 216
673 108
674 180
675 108
676 198
677 90
678 288
679 126
680 234
681 270
682 288
683 270
684 252
685 288
686 306
687 270
688 378
689 162
690 234
691 162
692 144
693 396
694 162
695 252
696 162
697 144
698 252
699 90
700 198
701 126
702 252
703 90
704 234
705 108
706 252
707 324
708 288
709 270
710 252
711 324
712 252
713 270
714 270
715 342
716 360
717 180
718 252
719 252
720 360
721 126
722 198
723 216
724 180
725 360
726 216
727 162
728 270
729 90
730 234
731 126
732 216
733 90
734 216
735 108
736 252
737 288
738 288
739 288
740 252
741 342
742 234
743 288
744 234
745 324
746 270
747 270
748 252
749 306
750 252
751 252
752 288
753 360
754 324
755 342
756 270
757 90
758 252
759 126
760 198
761 90
762 162
763 126
764 252
765 288
766 270
767 288
768 234
769 288
770 288
771 306
772 234
773 324
774 270
775 252
776 252
777 234
778 216
779 198
780 288
781 270
782 288
783 324
784 270
785 90
786 216
787 126
788 198
789 108
790 216
791 126
792 252
793 162
794 198
795 198
796 216
797 234
798 144
799 198
800 216
801 270
802 198
803 234
804 144
805 117
806 162
807 288
808 216
809 162
810 117
811 90
812 306
813 288
814 342
815 135
816 342
817 135
818 252
819 117
820 198
821 99
822 198
823 108
824 72
825 63
826 234
827 108
828 72
829 81
830 54
831 252
832 81
833 162
834 54
835 252
836 54
837 162
838 198
839 252
840 126
841 162
842 180
843 252
844 162
845 180
846 153
847 144
848 306
849 324
850 126
851 54
852 90
853 63
854 216
855 90
856 234
857 90
858 72
859 270
860 288
861 198
862 72
863 90
864 81
865 324
866 180
867 99
868 180
869 252
870 162
871 180
872 180
873 198
874 162
875 144
876 360
877 216
878 216
879 108
880 144
881 342
882 306
883 342
884 324
885 180
886 126
887 198
888 90
889 252
890 90
891 216
892 126
893 180
894 288
895 288
896 252
897 216
898 270
899 144
900 216
901 216
902 180
903 126
904 162
905 144
906 198
907 234
908 180
909 162
910 306
911 180
912 180
913 270
914 90
915 252
916 126
917 342
918 90
919 270
920 126
921 126
922 162
923 198
924 288
925 162
926 306
927 162
928 162
929 144
930 252
931 144
932 144
933 216
934 324
935 126
936 198
937 306
938 108
939 306
940 153
941 306
942 90
943 270
944 99
945 324
946 180
947 324
948 216
949 216
950 270
951 252
952 288
953 270
954 216
955 180
956 198
957 252
958 288
959 270
960 288
961 270
962 270
963 198
964 252
965 162
966 216
967 126
968 162
969 378
970 396
971 270
972 90
973 252
974 153
975 216
976 90
977 198
978 99
979 216
980 288
981 270
982 180
983 270
984 216
985 198
986 198
987 216
988 252
989 180
990 252
991 198
992 288
993 180
994 144
995 288
996 270
997 288
998 306
999 270
1000 90
1001 252
1002 153
1003 198
1004 108
1005 198
1006 54
1007 135
1008 270
1009 270
1010 162
1011 72
1012 81
1013 126
1014 252
1015 198
1016 54
1017 72
1018 108
1019 81
1020 360
1021 198
1022 54
1023 135
1024 162
1025 216
1026 144
1027 108
1028 270
1029 108
1030 252
1031 162
1032 198
1033 45
1034 126
1035 144
1036 207
1037 288
1038 252
1039 324
1040 108
1041 360
1042 108
1043 252
1044 117
1045 234
1046 54
1047 198
1048 108
1049 72
1050 63
1051 252
1052 117
1053 45
1054 117
1055 72
1056 198
1057 63
1058 90
1059 54
1060 45
1061 90
1062 306
1063 108
1064 81
1065 135
1066 54
1067 99
1068 216
1069 117
1070 54
1071 126
1072 180
1073 288
1074 126
1075 117
1076 108
1077 72
1078 342
1079 270
1080 72
1081 117
1082 72
1083 144
1084 99
1085 9
1086 36
1087 108
1088 180
1089 144
1090 126
1091 36
1092 126
1093 81
1094 144
1095 135
1096 45
1097 207
1098 117
1099 81
1100 126
1101 234
1102 90
1103 324
1104 270
1105 135
1106 252
1107 180
1108 81
1109 288
1110 234
1111 81
1112 270
1113 108
1114 234
1115 171
1116 45
1117 81
1118 162
1119 90
1120 234
1121 99
1122 54
1123 153
1124 90
1125 306
1126 162
1127 99
1128 180
1129 81
1130 63
1131 234
1132 198
1133 81
1134 63
1135 180
1136 162
1137 270
1138 117
1139 180
1140 216
1141 342
1142 252
1143 180
1144 180
1145 126
1146 162
1147 126
1148 324
1149 252
1150 90
1151 144
1152 180
1153 306
1154 135
1155 288
1156 63
1157 216
1158 72
1159 72
1160 117
1161 252
1162 90
1163 234
1164 99
1165 72
1166 81
1167 36
1168 270
1169 252
1170 81
1171 99
1172 72
1173 342
1174 180
1175 63
1176 135
1177 252
1178 234
1179 324
1180 234
1181 198
1182 216
1183 126
1184 180
1185 162
1186 180
1187 180
1188 288
1189 306
1190 162
1191 180
1192 126
1193 144
1194 180
1195 108
1196 162
1197 360
1198 117
1199 144
1200 162
1201 288
1202 189
1203 288
1204 63
1205 270
1206 36
1207 54
1208 117
1209 288
1210 99
1211 252
1212 126
1213 90
1214 81
1215 216
1216 252
1217 216
1218 180
1219 180
1220 126
1221 216
1222 198
1223 180
1224 81
1225 108
1226 180
1227 234
1228 162
1229 180
1230 162
1231 198
1232 180
1233 198
1234 99
1235 108
1236 180
1237 324
1238 117
1239 342
1240 270
1241 180
1242 198
1243 99
1244 306
1245 36
1246 54
1247 81
1248 234
1249 99
1250 252
1251 126
1252 90
1253 81
1254 198
1255 234
1256 162
1257 180
1258 144
1259 216
1260 198
1261 180
1262 99
1263 108
1264 162
1265 270
1266 162
1267 180
1268 162
1269 216
1270 180
1271 252
1272 99
1273 135
1274 324
1275 288
1276 144
1277 360
1278 252
1279 198
1280 198
1281 99
1282 288
1283 36
1284 54
1285 81
1286 162
1287 135
1288 270
1289 99
1290 90
1291 72
1292 162
1293 234
1294 126
1295 162
1296 126
1297 216
1298 144
1299 180
1300 72
1301 108
1302 162
1303 234
1304 162
1305 162
1306 72
1307 108
1308 144
1309 216
1310 198
1311 198
1312 99
1313 63
1314 90
1315 90
1316 108
1317 324
1318 306
1319 153
1320 270
1321 171
1322 306
1323 171
1324 72
1325 189
1326 198
1327 126
1328 270
1329 54
1330 54
1331 108
1332 234
1333 72
1334 90
1335 72
1336 198
1337 171
1338 27
1339 27
1340 27
1341 63
1342 81
1343 63
1344 27
1345 54
1346 27
1347 162
1348 90
1349 144
1350 72
1351 306
1352 54
1353 342
1354 198
1355 54
1356 54
1357 270
1358 81
1359 180
1360 54
1361 252
1362 54
1363 180
1364 126
1365 144
1366 180
1367 234
1368 162
1369 162
1370 54
1371 117
1372 36
1373 189
1374 126
1375 198
1376 117
1377 126
1378 144
1379 81
1380 270
1381 144
1382 72
1383 144
1384 153
1385 306
1386 180
1387 180
1388 234
1389 288
1390 90
1391 99
1392 36
1393 126
1394 99
1395 252
1396 108
1397 342
1398 72
1399 198
1400 198
1401 198
1402 108
1403 180
1404 198
1405 198
1406 90
1407 234
1408 216
1409 198
1410 126
1411 252
1412 216
1413 162
1414 54
1415 153
1416 36
1417 162
1418 153
1419 234
1420 117
1421 198
1422 72
1423 324
1424 216
1425 54
1426 126
1427 234
1428 162
1429 180
1430 162
1431 216
1432 108
1433 216
1434 108
1435 198
1436 108
1437 198
1438 198
1439 252
1440 36
1441 108
1442 36
1443 144
1444 171
1445 234
1446 117
1447 180
1448 189
1449 72
1450 342
1451 198
1452 54
1453 90
1454 135
1455 234
1456 144
1457 180
1458 234
1459 270
1460 36
1461 108
1462 36
1463 108
1464 171
1465 216
1466 135
1467 234
1468 126
1469 108
1470 90
1471 108
1472 234
1473 198
1474 216
1475 234
1476 54
1477 108
1478 36
1479 126
1480 135
1481 198
1482 117
1483 216
1484 126
1485 90
1486 108
1487 90
1488 234
1489 198
1490 126
1491 324
1492 72
1493 153
1494 180
1495 252
1496 81
1497 234
1498 144
1499 45
1500 144
1501 252
1502 144
1503 162
1504 180
1505 90
1506 90
1507 252
1508 144
1509 45
1510 126
1511 162
1512 252
1513 144
1514 180
1515 270
1516 90
1517 234
1518 162
1519 45
1520 180
1521 252
1522 216
1523 162
1524 90
1525 252
1526 162
1527 45
1528 180
1529 252
1530 180
1531 180
1532 90
1533 360
1534 180
1535 54
1536 180
1537 90
1538 306
1539 180
1540 54
1541 126
1542 144
1543 288
1544 144
1545 252
1546 180
1547 180
1548 126
1549 162
1550 81
1551 270
1552 144
1553 54
1554 162
1555 270
1556 144
1557 162
1558 81
1559 288
1560 144
1561 54
1562 162
1563 270
1564 162
1565 180
1566 144
1567 198
1568 216
1569 198
1570 126
1571 180
1572 198
1573 216
1574 126
1575 198
1576 198
1577 198
1578 126
1579 180
1580 198
1581 198
1582 99
1583 270
1584 198
1585 108
1586 234
1587 306
1588 198
1589 252
1590 117
1591 216
1592 234
1593 90
1594 252
1595 306
1596 270
1597 252
1598 180
1599 216
1600 198
1601 234
1602 144
1603 180
1604 198
1605 216
1606 162
1607 198
1608 216
1609 270
1610 144
1611 216
1612 180
1613 198
1614 117
1615 252
1616 180
1617 90
1618 252
1619 324
1620 252
1621 198
1622 117
1623 270
1624 180
1625 99
1626 252
1627 324
1628 252
1629 234
1630 198
1631 216
1632 198
1633 252
1634 126
1635 180
1636 198
1637 216
1638 198
1639 234
1640 198
1641 270
1642 126
1643 180
1644 198
1645 198
1646 126
1647 270
1648 135
1649 342
1650 126
1651 198
1652 135
1653 234
1654 270
1655 306
1656 306
1657 288
1658 198
1659 180
1660 306
1661 90
1662 135
1663 306
1664 135
1665 324
1666 135
1667 162
1668 153
1669 252
1670 270
1671 396
1672 288
1673 306
1674 180
1675 198
1676 270
1677 144
1678 126
1679 270
1680 198
1681 108
1682 270
1683 324
1684 252
1685 252
1686 135
1687 234
1688 198
1689 90
1690 270
1691 252
1692 234
1693 198
1694 216
1695 252
1696 216
1697 288
1698 162
1699 180
1700 198
1701 234
1702 180
1703 198
1704 198
1705 270
1706 144
1707 198
1708 198
1709 216
1710 117
1711 216
1712 144
1713 90
1714 216
1715 216
1716 144
1717 198
1718 117
1719 216
1720 126
1721 90
1722 72
1723 108
1724 198
1725 216
1726 144
1727 180
1728 99
1729 108
1730 126
1731 198
1732 198
1733 198
1734 144
1735 234
1736 252
1737 252
1738 126
1739 198
1740 198
1741 198
1742 63
1743 144
1744 144
1745 234
1746 216
1747 198
1748 63
1749 135
1750 153
1751 324
1752 153
1753 288
1754 126
1755 198
1756 180
1757 162
1758 306
1759 324
1760 288
1761 324
1762 198
1763 180
1764 252
1765 198
1766 306
1767 324
1768 288
1769 126
1770 306
1771 153
1772 162
1773 198
1774 270
1775 153
1776 216
1777 90
1778 81
1779 252
1780 54
1781 162
1782 99
1783 270
1784 54
1785 162
1786 162
1787 270
1788 144
1789 216
1790 144
1791 216
1792 162
1793 198
1794 63
1795 198
1796 90
1797 198
1798 63
1799 270
1800 81
1801 162
1802 144
1803 216
1804 180
1805 180
1806 162
1807 198
1808 198
1809 216
1810 81
1811 342
1812 198
1813 63
1814 270
1815 126
1816 162
1817 162
1818 252
1819 162
1820 144
1821 342
1822 144
1823 234
1824 162
1825 144
1826 198
1827 270
1828 162
1829 108
1830 162
1831 234
1832 162
1833 144
1834 180
1835 270
1836 144
1837 162
1838 180
1839 234
1840 162
1841 144
1842 126
1843 198
1844 234
1845 198
1846 126
1847 234
1848 162
1849 162
1850 144
1851 216
1852 216
1853 162
1854 180
1855 198
1856 162
1857 234
1858 180
1859 270
1860 144
1861 162
1862 180
1863 234
1864 162
1865 144
1866 180
1867 252
1868 144
1869 198
1870 180
1871 234
1872 162
1873 180
1874 198
1875 234
1876 126
1877 180
1878 126
1879 252
1880 180
1881 144
1882 144
1883 180
1884 198
1885 234
1886 180
1887 234
1888 162
1889 162
1890 144
1891 234
1892 180
1893 162
1894 144
1895 234
1896 162
1897 162
1898 180
1899 252
1900 144
1901 162
1902 180
1903 234
1904 162
1905 162
1906 63
1907 360
1908 180
1909 63
1910 126
1911 180
1912 180
1913 252
1914 180
1915 216
1916 162
1917 198
1918 180
1919 162
1920 144
1921 234
1922 180
1923 162
1924 180
1925 216
1926 144
1927 198
1928 180
1929 234
1930 162
1931 180
1932 162
1933 234
1934 162
1935 180
1936 162
1937 234
1938 162
1939 162
1940 198
1941 189
1942 306
1943 126
1944 216
1945 162
1946 162
1947 216
1948 126
1949 270
1950 180
1951 180
1952 180
1953 216
1954 144
1955 198
1956 180
1957 234
1958 162
1959 180
1960 162
1961 198
1962 162
1963 198
1964 162
1965 270
1966 162
1967 198
1968 153
1969 126
1970 63
1971 360
1972 180
1973 54
1974 252
1975 126
1976 270
1977 108
1978 180
1979 216
1980 144
1981 144
1982 234
1983 252
1984 126
1985 162
1986 144
1987 234
1988 126
1989 162
1990 162
1991 252
1992 144
1993 162
1994 180
1995 234
1996 162
1997 162
1998 153
1999 153
2000 108
2001 153
2002 252
2003 306
2004 144
2005 288
2006 144
2007 234
2008 144
2009 144
2010 198
2011 234
2012 144
2013 180
2014 162
2015 252
2016 162
2017 144
2018 162
2019 234
2020 162
2021 180
2022 135
2023 135
2024 180
2025 171
2026 270
2027 162
2028 288
2029 234
2030 81
2031 342
2032 144
2033 63
2034 189
2035 198
2036 162
2037 162
2038 234
2039 162
2040 144
2041 324
2042 144
2043 270
2044 162
2045 162
2046 81
2047 270
2048 144
2049 45
2050 90
2051 342
2052 216
2053 45
2054 108
2055 216
2056 216
2057 216
2058 108
2059 180
2060 180
2061 252
2062 162
2063 198
2064 144
2065 126
2066 162
2067 54
2068 342
2069 198
2070 63
2071 216
2072 180
2073 288
2074 144
2075 162
2076 288
2077 342
2078 144
2079 180
2080 234
2081 216
2082 126
2083 288
2084 180
2085 162
2086 162
2087 234
2088 162
2089 180
2090 216
2091 288
2092 144
2093 144
2094 81
2095 252
2096 144
2097 45
2098 180
2099 81
2100 342
2101 216
2102 54
2103 243
2104 126
2105 162
2106 306
2107 126
2108 126
2109 360
2110 144
2111 180
2112 198
2113 216
2114 180
2115 234
2116 198
2117 162
2118 144
2119 180
2120 198
2121 216
2122 180
2123 234
2124 162
2125 162
2126 126
2127 252
2128 180
2129 162
2130 126
2131 234
2132 162
2133 162
2134 180
2135 234
2136 144
2137 162
2138 180
2139 234
2140 162
2141 180
2142 144
2143 180
2144 198
2145 216
2146 180
2147 252
2148 162
2149 144
2150 144
2151 216
2152 198
2153 252
2154 180
2155 234
2156 162
2157 180
2158 180
2159 234
2160 180
2161 144
2162 144
2163 252
2164 162
2165 180
2166 180
2167 252
2168 144
2169 162
2170 180
2171 234
2172 162
2173 162
2174 198
2175 288
2176 252
2177 288
2178 198
2179 270
2180 180
2181 216
2182 216
2183 288
2184 288
2185 270
2186 90
2187 135
2188 252
2189 288
2190 198
2191 252
2192 144
2193 99
2194 180
2195 252
2196 144
2197 162
2198 180
2199 234
2200 162
2201 162
2202 180
2203 234
2204 144
2205 162
2206 135
2207 81
2208 180
2209 234
2210 162
2211 162
2212 99
2213 108
2214 288
2215 306
2216 288
2217 342
2218 252
2219 180
2220 198
2221 162
2222 342
2223 288
2224 306
2225 144
2226 342
2227 189
2228 216
2229 162
2230 180
2231 36
2232 180
2233 72
2234 45
2235 324
2236 63
2237 63
2238 126
2239 81
2240 162
2241 207
2242 144
2243 216
2244 162
2245 180
2246 90
2247 216
2248 180
2249 198
2250 72
2251 54
2252 81
2253 216
2254 144
2255 108
2256 108
2257 144
2258 144
2259 162
2260 198
2261 234
2262 180
2263 216
2264 162
2265 180
2266 180
2267 252
2268 216
2269 162
2270 162
2271 234
2272 180
2273 180
2274 180
2275 306
2276 216
2277 180
2278 63
2279 306
2280 180
2281 54
2282 153
2283 117
2284 306
2285 126
2286 54
2287 135
2288 144
2289 180
2290 270
2291 126
2292 180
2293 252
2294 81
2295 360
2296 270
2297 234
2298 153
2299 63
2300 162
2301 252
2302 198
2303 180
2304 144
2305 198
2306 126
2307 162
2308 252
2309 198
2310 144
2311 144
2312 234
2313 198
2314 162
2315 90
2316 144
2317 90
2318 81
2319 360
2320 216
2321 63
2322 207
2323 198
2324 360
2325 144
2326 144
2327 288
2328 198
2329 216
2330 144
2331 180
2332 180
2333 252
2334 198
2335 162
2336 144
2337 198
2338 198
2339 198
2340 180
2341 234
2342 162
2343 162
2344 144
2345 234
2346 180
2347 144
2348 126
2349 234
2350 198
2351 180
2352 180
2353 234
2354 162
2355 162
2356 144
2357 216
2358 252
2359 198
2360 144
2361 216
2362 198
2363 180
2364 180
2365 216
2366 162
2367 162
2368 162
2369 198
2370 180
2371 198
2372 180
2373 234
2374 180
2375 162
2376 180
2377 234
2378 162
2379 180
2380 144
2381 216
2382 216
2383 180
2384 162
2385 234
2386 162
2387 162
2388 162
2389 198
2390 180
2391 198
2392 144
2393 216
2394 198
2395 180
2396 180
2397 216
2398 162
2399 162
2400 162
2401 216
2402 180
2403 252
2404 180
2405 288
2406 180
2407 198
2408 180
2409 234
2410 162
2411 180
2412 144
2413 216
2414 198
2415 180
2416 162
2417 270
2418 162
2419 180
2420 162
2421 216
2422 180
2423 252
2424 126
2425 216
2426 144
2427 180
2428 144
2429 270
2430 108
2431 162
2432 144
2433 198
2434 198
2435 198
2436 180
2437 234
2438 162
2439 162
2440 162
2441 234
2442 126
2443 126
2444 126
2445 216
2446 144
2447 180
2448 180
2449 234
2450 162
2451 162
2452 144
2453 198
2454 198
2455 198
2456 162
2457 234
2458 180
2459 162
2460 198
2461 252
2462 126
2463 162
2464 216
2465 234
2466 126
2467 162
2468 180
2469 234
2470 162
2471 162
2472 216
2473 234
2474 144
2475 144
2476 162
2477 234
2478 180
2479 162
2480 180
2481 234
2482 162
2483 162
2484 216
2485 234
2486 126
2487 162
2488 216
2489 234
2490 126
2491 162
2492 180
2493 252
2494 162
2495 162
2496 216
2497 216
2498 126
2499 198
2500 180
2501 252
2502 162
2503 162
2504 180
2505 234
2506 162
2507 144
2508 216
2509 234
2510 126
2511 162
2512 180
2513 234
2514 162
2515 144
2516 216
2517 216
2518 126
2519 180
2520 108
2521 198
2522 198
2523 198
2524 180
2525 234
2526 162
2527 162
2528 90
2529 216
2530 198
2531 180
2532 180
2533 234
2534 162
2535 162
2536 180
2537 234
2538 162
2539 162
2540 144
2541 198
2542 198
2543 198
2544 180
2545 234
2546 162
2547 162
2548 144
2549 198
2550 198
2551 198
2552 90
2553 396
2554 162
2555 99
2556 108
2557 216
2558 198
2559 234
2560 162
2561 234
2562 162
2563 180
2564 144
2565 198
2566 162
2567 288
2568 144
2569 144
2570 180
2571 234
2572 162
2573 162
2574 144
2575 198
2576 198
2577 198
2578 216
2579 234
2580 144
2581 162
2582 162
2583 216
2584 180
2585 180
2586 72
2587 360
2588 342
2589 180
2590 99
2591 63
2592 198
2593 252
2594 162
2595 180
2596 144
2597 198
2598 126
2599 144
2600 216
2601 216
2602 180
2603 144
2604 216
2605 180
2606 162
2607 162
2608 234
2609 162
2610 162
2611 144
2612 198
2613 198
2614 198
2615 144
2616 270
2617 162
2618 216
2619 144
2620 198
2621 198
2622 252
2623 180
2624 234
2625 162
2626 162
2627 180
2628 270
2629 198
2630 144
2631 144
2632 198
2633 198
2634 198
2635 180
2636 234
2637 180
2638 162
2639 90
2640 342
2641 324
2642 180
2643 72
2644 72
2645 99
2646 306
2647 180
2648 54
2649 90
2650 342
2651 252
2652 63
2653 144
2654 198
2655 126
2656 162
2657 180
2658 144
2659 270
2660 198
2661 162
2662 144
2663 144
2664 144
2665 198
2666 198
2667 198
2668 180
2669 234
2670 162
2671 162
2672 144
2673 198
2674 198
2675 198
2676 90
2677 117
2678 180
2679 234
2680 162
2681 162
2682 99
2683 90
2684 180
2685 234
2686 180
2687 162
2688 126
2689 216
2690 234
2691 198
2692 180
2693 234
2694 162
2695 162
2696 117
2697 108
2698 144
2699 198
2700 216
2701 198
2702 90
2703 117
2704 45
2705 27
2706 135
2707 99
2708 135
2709 135
2710 234
2711 180
2712 54
2713 18
2714 108
2715 90
2716 153
2717 144
2718 234
2719 198
2720 117
2721 117
2722 108
2723 108
2724 198
2725 234
2726 198
2727 252
2728 117
2729 135
2730 90
2731 108
2732 198
2733 216
2734 198
2735 234
2736 108
2737 90
2738 144
2739 126
2740 216
2741 216
2742 216
2743 198
2744 126
2745 90
2746 126
2747 126
2748 216
2749 216
2750 216
2751 198
2752 45
2753 270
2754 198
2755 72
2756 117
2757 81
2758 360
2759 180
2760 63
2761 180
2762 144
2763 180
2764 270
2765 126
2766 144
2767 288
2768 81
2769 90
2770 162
2771 135
2772 216
2773 216
2774 216
2775 216
2776 54
2777 342
2778 198
2779 63
2780 126
2781 252
2782 216
2783 180
2784 108
2785 144
2786 162
2787 180
2788 198
2789 216
2790 126
2791 198
2792 252
2793 216
2794 207
2795 72
2796 396
2797 180
2798 54
2799 324
2800 126
2801 252
2802 162
2803 216
2804 162
2805 180
2806 144
2807 234
2808 198
2809 234
2810 144
2811 216
2812 198
2813 180
2814 144
2815 198
2816 234
2817 180
2818 162
2819 180
2820 180
2821 252
2822 162
2823 180
2824 198
2825 252
2826 126
2827 216
2828 234
2829 180
2830 126
2831 270
2832 252
2833 234
2834 162
2835 270
2836 180
2837 180
2838 180
2839 234
2840 234
2841 252
2842 180
2843 180
2844 252
2845 270
2846 234
2847 216
2848 270
2849 252
2850 270
2851 288
2852 288
2853 324
2854 198
2855 198
2856 252
2857 216
2858 144
2859 216
2860 162
2861 180
2862 144
2863 234
2864 144
2865 180
2866 144
2867 180
2868 198
2869 216
2870 144
2871 180
2872 198
2873 216
2874 180
2875 252
2876 108
2877 144
2878 216
2879 216
2880 234
2881 198
2882 180
2883 234
2884 162
2885 162
2886 144
2887 180
2888 234
2889 216
2890 162
2891 216
2892 180
2893 180
2894 162
2895 234
2896 162
2897 180
2898 162
2899 216
2900 180
2901 180
2902 162
2903 234
2904 162
2905 180
2906 216
2907 252
2908 126
2909 144
2910 180
2911 216
2912 180
2913 162
2914 198
2915 252
2916 144
2917 144
2918 180
2919 216
2920 180
2921 162
2922 288
2923 288
2924 306
2925 306
2926 252
2927 234
2928 216
2929 108
2930 162
2931 216
2932 180
2933 180
2934 162
2935 234
2936 162
2937 180
2938 162
2939 216
2940 180
2941 180
2942 162
2943 234
2944 162
2945 180
2946 198
2947 252
2948 144
2949 144
2950 180
2951 216
2952 180
2953 162
2954 198
2955 252
2956 144
2957 144
2958 180
2959 216
2960 180
2961 162
2962 144
2963 180
2964 198
2965 216
2966 144
2967 180
2968 198
2969 216
2970 144
2971 180
2972 198
2973 216
2974 144
2975 180
2976 198
2977 216
2978 180
2979 234
2980 162
2981 162
2982 144
2983 180
2984 198
2985 216
2986 180
2987 234
2988 162
2989 162
2990 144
2991 198
2992 198
2993 216
2994 144
2995 180
2996 198
2997 216
2998 144
2999 180
3000 198
3001 216
3002 162
3003 216
3004 180
3005 180
3006 162
3007 234
3008 162
3009 180
3010 63
3011 252
3012 252
3013 252
3014 72
3015 90
3016 180
3017 252
3018 162
3019 162
3020 180
3021 270
3022 198
3023 198
3024 216
3025 288
3026 162
3027 144
3028 162
3029 216
3030 144
3031 90
3032 288
3033 198
3034 270
3035 90
3036 54
3037 144
3038 198
3039 216
3040 216
3041 162
3042 252
3043 162
3044 216
3045 180
3046 252
3047 180
3048 252
3049 108
3050 198
3051 180
3052 90
3053 270
3054 216
3055 45
3056 54
3057 288
3058 216
3059 54
3060 90
3061 180
3062 180
3063 342
3064 162
3065 180
3066 144
3067 162
3068 144
3069 144
3070 180
3071 90
3072 288
3073 198
3074 45
3075 81
3076 180
3077 198
3078 162
3079 90
3080 198
3081 108
3082 342
3083 324
3084 162
3085 108
3086 81
3087 153
3088 342
3089 252
3090 234
3091 144
3092 63
3093 360
3094 180
3095 63
3096 189
3097 54
3098 252
3099 198
3100 54
3101 45
3102 135
3103 144
3104 144
3105 252
3106 126
3107 234
3108 216
3109 216
3110 90
3111 126
3112 108
3113 180
3114 36
3115 90
3116 162
3117 117
3118 108
3119 108
3120 36
3121 252
3122 144
3123 270
3124 108
3125 198
3126 63
3127 54
3128 36
3129 108
3130 108
3131 135
3132 135
3133 198
3134 216
3135 63
3136 27
3137 81
3138 117
3139 153
3140 108
3141 198
3142 234
3143 108
3144 108
3145 108
3146 135
3147 252
3148 198
3149 180
3150 252
3151 126
3152 99
3153 117
3154 135
3155 252
3156 252
3157 144
3158 90
3159 144
3160 162
3161 90
3162 90
3163 198
3164 126
3165 252
3166 180
3167 135
3168 135
3169 144
3170 189
3171 252
3172 126
3173 198
3174 180
3175 144
3176 198
3177 198
3178 252
3179 108
3180 270
3181 162
3182 216
3183 216
3184 288
3185 252
3186 288
3187 216
3188 306
3189 252
3190 252
3191 81
3192 306
3193 108
3194 90
3195 162
3196 54
3197 306
3198 180
3199 63
3200 144
3201 162
3202 288
3203 108
3204 234
3205 234
3206 234
3207 108
3208 198
3209 234
3210 288
3211 288
3212 270
3213 270
3214 324
3215 234
3216 270
3217 252
3218 288
3219 288
3220 288
3221 252
3222 324
3223 270
3224 252
3225 72
3226 342
3227 144
3228 99
3229 216
3230 270
3231 216
3232 234
3233 126
3234 144
3235 198
3236 234
3237 234
3238 288
3239 144
3240 252
3241 198
3242 216
3243 252
3244 234
3245 270
3246 324
3247 216
3248 180
3249 234
3250 144
3251 324
3252 306
3253 306
3254 306
3255 180
3256 216
3257 234
3258 216
3259 342
3260 252
3261 324
3262 270
3263 144
3264 234
3265 180
3266 180
3267 252
3268 324
3269 252
3270 252
3271 288
3272 342
3273 234
3274 234
3275 180
3276 216
3277 234
3278 234
3279 216
3280 288
3281 198
3282 162
3283 252
3284 252
3285 180
3286 216
3287 162
3288 252
3289 180
3290 198
3291 144
3292 270
3293 198
3294 180
3295 126
3296 288
3297 270
3298 198
3299 162
3300 216
3301 180
3302 180
3303 198
3304 288
3305 162
3306 162
3307 162
3308 234
3309 162
3310 180
3311 198
3312 306
3313 162
3314 144
3315 81
3316 270
3317 306
3318 216
3319 45
3320 81
3321 90
3322 270
3323 180
3324 45
3325 72
3326 252
3327 216
3328 63
3329 180
3330 162
3331 180
3332 162
3333 108
3334 162
3335 108
3336 180
3337 378
3338 288
3339 306
3340 414
3341 234
3342 216
3343 252
3344 108
3345 234
3346 288
3347 396
3348 324
3349 270
3350 180
3351 108
3352 252
3353 216
3354 252
3355 342
3356 270
3357 342
3358 216
3359 198
3360 198
3361 252
3362 306
3363 288
3364 306
3365 288
3366 198
3367 144
3368 144
3369 90
3370 162
3371 234
3372 162
3373 180
3374 198
3375 306
3376 162
3377 144
3378 162
3379 234
3380 162
3381 180
3382 198
3383 288
3384 162
3385 144
3386 54
3387 234
3388 234
3389 81
3390 135
3391 54
3392 306
3393 234
3394 72
3395 180
3396 126
3397 180
3398 288
3399 126
3400 144
3401 324
3402 144
3403 180
3404 198
3405 216
3406 180
3407 234
3408 198
3409 162
3410 144
3411 198
3412 198
3413 252
3414 180
3415 252
3416 144
3417 180
3418 63
3419 288
3420 180
3421 54
3422 99
3423 306
3424 162
3425 54
3426 108
3427 216
3428 234
3429 198
3430 144
3431 180
3432 180
3433 234
3434 234
3435 162
3436 126
3437 180
3438 63
3439 396
3440 288
3441 252
3442 90
3443 72
3444 72
3445 144
3446 108
3447 270
3448 234
3449 54
3450 108
3451 198
3452 180
3453 162
3454 306
3455 144
3456 198
3457 162
3458 144
3459 144
3460 81
3461 306
3462 162
3463 81
3464 90
3465 288
3466 198
3467 54
3468 72
3469 180
3470 162
3471 234
3472 252
3473 216
3474 126
3475 180
3476 108
3477 234
3478 126
3479 180
3480 108
3481 162
3482 162
3483 378
3484 198
3485 126
3486 162
3487 135
3488 117
3489 90
3490 153
3491 342
3492 252
3493 180
3494 198
3495 45
3496 63
3497 144
3498 126
3499 342
3500 234
3501 216
3502 126
3503 81
3504 180
3505 162
3506 135
3507 117
3508 162
3509 252
3510 252
3511 162
3512 126
3513 108
3514 108
3515 108
3516 216
3517 198
3518 216
3519 234
3520 108
3521 81
3522 45
3523 99
3524 99
3525 72
3526 216
3527 216
3528 81
3529 180
3530 252
3531 90
3532 126
3533 108
3534 135
3535 108
3536 252
3537 198
3538 270
3539 234
3540 135
3541 99
3542 54
3543 81
3544 117
3545 72
3546 234
3547 198
3548 72
3549 198
3550 234
3551 90
3552 153
3553 108
3554 117
3555 108
3556 288
3557 198
3558 252
3559 234
3560 135
3561 99
3562 54
3563 99
3564 99
3565 72
3566 234
3567 198
3568 72
3569 180
3570 252
3571 90
3572 144
3573 108
3574 81
3575 144
3576 234
3577 198
3578 144
3579 162
3580 135
3581 99
3582 54
3583 126
3584 90
3585 99
3586 234
3587 198
3588 72
3589 162
3590 180
3591 54
3592 117
3593 72
3594 117
3595 108
3596 306
3597 270
3598 198
3599 234
3600 99
3601 135
3602 45
3603 90
3604 90
3605 72
3606 198
3607 306
3608 90
3609 234
3610 216
3611 90
3612 108
3613 108
3614 90
3615 45
3616 108
3617 72
3618 198
3619 198
3620 234
3621 81
3622 216
3623 90
3624 135
3625 99
3626 54
3627 108
3628 54
3629 117
3630 63
3631 45
3632 72
3633 234
3634 198
3635 72
3636 216
3637 36
3638 234
3639 54
3640 54
3641 72
3642 18
3643 36
3644 135
3645 108
3646 117
3647 135
3648 198
3649 144
3650 54
3651 36
3652 117
3653 108
3654 135
3655 162
3656 180
3657 216
3658 90
3659 90
3660 117
3661 126
3662 198
3663 216
3664 252
3665 162
3666 45
3667 90
3668 72
3669 90
3670 216
3671 216
3672 288
3673 198
3674 81
3675 90
3676 108
3677 90
3678 198
3679 234
3680 234
3681 234
3682 108
3683 63
3684 81
3685 162
3686 162
3687 252
3688 198
3689 198
3690 135
3691 99
3692 108
3693 162
3694 216
3695 198
3696 180
3697 198
3698 45
3699 63
3700 108
3701 126
3702 270
3703 234
3704 216
3705 144
3706 99
3707 63
3708 108
3709 108
3710 270
3711 234
3712 198
3713 234
3714 99
3715 90
3716 144
3717 108
3718 216
3719 198
3720 108
3721 216
3722 18
3723 72
3724 36
3725 108
3726 108
3727 252
3728 135
3729 234
3730 81
3731 72
3732 90
3733 153
3734 198
3735 252
3736 216
3737 162
3738 54
3739 108
3740 36
3741 108
3742 135
3743 198
3744 135
3745 234
3746 126
3747 117
3748 90
3749 126
3750 216
3751 144
3752 216
3753 144
3754 54
3755 108
3756 36
3757 126
3758 135
3759 198
3760 117
3761 198
3762 126
3763 108
3764 108
3765 126
3766 216
3767 198
3768 180
3769 216
3770 99
3771 90
3772 108
3773 126
3774 198
3775 216
3776 198
3777 144
3778 36
3779 108
3780 36
3781 126
3782 162
3783 216
3784 126
3785 180
3786 90
3787 108
3788 108
3789 126
3790 270
3791 198
3792 198
3793 180
3794 36
3795 108
3796 54
3797 153
3798 162
3799 216
3800 144
3801 216
3802 90
3803 108
3804 153
3805 144
3806 270
3807 198
3808 252
3809 216
3810 108
3811 108
3812 135
3813 99
3814 270
3815 162
3816 162
3817 252
3818 81
3819 90
3820 135
3821 81
3822 252
3823 198
3824 144
3825 288
3826 99
3827 99
3828 135
3829 99
3830 270
3831 198
3832 180
3833 252
3834 99
3835 99
3836 135
3837 81
3838 270
3839 198
3840 144
3841 288
3842 81
3843 99
3844 162
3845 90
3846 270
3847 162
3848 162
3849 144
3850 144
3851 252
3852 162
3853 162
3854 63
3855 360
3856 180
3857 63
3858 108
3859 198
3860 216
3861 198
3862 144
3863 144
3864 126
3865 234
3866 216
3867 180
3868 126
3869 306
3870 216
3871 180
3872 108
3873 63
3874 63
3875 342
3876 198
3877 63
3878 153
3879 126
3880 306
3881 144
3882 180
3883 117
3884 180
3885 162
3886 180
3887 198
3888 144
3889 198
3890 180
3891 198
3892 162
3893 198
3894 108
3895 198
3896 198
3897 216
3898 144
3899 198
3900 252
3901 216
3902 189
3903 90
3904 63
3905 234
3906 216
3907 90
3908 153
3909 252
3910 234
3911 108
3912 162
3913 234
3914 99
3915 99
3916 72
3917 108
3918 270
3919 198
3920 198
3921 270
3922 54
3923 306
3924 180
3925 54
3926 189
3927 81
3928 288
3929 162
3930 54
3931 117
3932 144
3933 180
3934 252
3935 108
3936 180
3937 306
3938 108
3939 108
3940 108
3941 108
3942 234
3943 198
3944 198
3945 234
3946 72
3947 162
3948 72
3949 135
3950 90
3951 360
3952 72
3953 288
3954 144
3955 180
3956 162
3957 198
3958 162
3959 234
3960 180
3961 216
3962 108
3963 198
3964 198
3965 216
3966 144
3967 198
3968 252
3969 198
3970 90
3971 180
3972 90
3973 90
3974 324
3975 126
3976 72
3977 216
3978 234
3979 180
3980 90
3981 198
3982 198
3983 198
3984 144
3985 198
3986 252
3987 216
3988 144
3989 162
3990 162
3991 252
3992 162
3993 216
3994 180
3995 234
3996 108
3997 252
3998 216
3999 45
4000 135
4001 81
4002 288
4003 162
4004 54
4005 153
4006 108
4007 180
4008 306
4009 108
4010 180
4011 270
4012 108
4013 90
4014 135
4015 81
4016 270
4017 198
4018 144
4019 288
4020 81
4021 288
4022 180
4023 54
4024 135
4025 108
4026 306
4027 216
4028 54
4029 216
4030 108
4031 180
4032 306
4033 108
4034 144
4035 306
4036 99
4037 99
4038 99
4039 99
4040 270
4041 198
4042 234
4043 234
4044 90
4045 99
4046 162
4047 144
4048 252
4049 144
4050 162
4051 144
4052 126
4053 198
4054 216
4055 180
4056 144
4057 216
4058 180
4059 180
4060 162
4061 234
4062 198
4063 198
4064 90
4065 198
4066 234
4067 198
4068 108
4069 198
4070 252
4071 216
4072 99
4073 72
4074 63
4075 306
4076 180
4077 54
4078 144
4079 144
4080 270
4081 162
4082 198
4083 108
4084 180
4085 180
4086 54
4087 342
4088 180
4089 234
4090 126
4091 63
4092 63
4093 216
4094 234
4095 99
4096 72
4097 180
4098 162
4099 234
4100 198
4101 234
4102 126
4103 216
4104 162
4105 90
4106 234
4107 108
4108 63
4109 270
4110 180
4111 54
4112 90
4113 324
4114 198
4115 54
4116 162
4117 270
4118 198
4119 162
4120 144
4121 162
4122 126
4123 216
4124 234
4125 270
4126 108
4127 198
4128 99
4129 117
4130 180
4131 81
4132 216
4133 234
4134 234
4135 270
4136 99
4137 234
4138 162
4139 135
4140 72
4141 180
4142 189
4143 90
4144 126
4145 198
4146 108
4147 288
4148 288
4149 126
4150 99
4151 162
4152 135
4153 306
4154 198
4155 198
4156 270
4157 72
4158 90
4159 72
4160 90
4161 90
4162 288
4163 72
4164 252
4165 153
4166 99
4167 144
4168 90
4169 252
4170 324
4171 144
4172 252
4173 72
4174 72
4175 72
4176 54
4177 90
4178 72
4179 72
4180 288
4181 72
4182 36
4183 252
4184 72
4185 126
4186 72
4187 126
4188 72
4189 90
4190 72
4191 180
4192 270
4193 180
4194 72
4195 252
4196 72
4197 117
4198 99
4199 135
4200 99
4201 288
4202 198
4203 162
4204 270
4205 135
4206 153
4207 234
4208 108
4209 234
4210 162
4211 162
4212 216
4213 144
4214 252
4215 162
4216 198
4217 99
4218 99
4219 117
4220 45
4221 99
4222 99
4223 270
4224 180
4225 216
4226 54
4227 216
4228 90
4229 153
4230 54
4231 360
4232 180
4233 63
4234 126
4235 45
4236 162
4237 99
4238 270
4239 126
4240 162
4241 234
4242 54
4243 324
4244 126
4245 36
4246 36
4247 126
4248 126
4249 126
4250 126
4251 180
4252 216
4253 45
4254 27
4255 81
4256 135
4257 162
4258 108
4259 180
4260 216
4261 126
4262 90
4263 144
4264 99
4265 234
4266 234
4267 144
4268 144
4269 171
4270 81
4271 81
4272 117
4273 234
4274 198
4275 198
4276 252
4277 54
4278 27
4279 90
4280 108
4281 189
4282 153
4283 216
4284 216
4285 36
4286 54
4287 99
4288 144
4289 126
4290 108
4291 180
4292 144
4293 117
4294 108
4295 90
4296 117
4297 198
4298 198
4299 198
4300 234
4301 162
4302 90
4303 72
4304 117
4305 270
4306 180
4307 180
4308 252
4309 99
4310 90
4311 90
4312 108
4313 180
4314 216
4315 234
4316 234
4317 81
4318 90
4319 90
4320 108
4321 216
4322 216
4323 234
4324 234
4325 126
4326 90
4327 126
4328 117
4329 198
4330 216
4331 198
4332 198
4333 126
4334 90
4335 117
4336 108
4337 234
4338 216
4339 216
4340 234
4341 108
4342 108
4343 126
4344 126
4345 234
4346 198
4347 180
4348 198
4349 108
4350 108
4351 90
4352 108
4353 252
4354 198
4355 216
4356 234
4357 81
4358 90
4359 90
4360 90
4361 198
4362 216
4363 252
4364 216
4365 126
4366 90
4367 108
4368 108
4369 234
4370 216
4371 198
4372 234
4373 153
4374 63
4375 108
4376 153
4377 162
4378 252
4379 162
4380 162
4381 126
4382 90
4383 108
4384 108
4385 216
4386 216
4387 180
4388 234
4389 108
4390 108
4391 126
4392 126
4393 234
4394 198
4395 180
4396 198
4397 108
4398 108
4399 90
4400 108
4401 252
4402 198
4403 216
4404 234
4405 108
4406 108
4407 108
4408 108
4409 234
4410 198
4411 198
4412 198
4413 108
4414 108
4415 108
4416 108
4417 252
4418 198
4419 198
4420 234
4421 99
4422 72
4423 108
4424 108
4425 288
4426 270
4427 198
4428 234
4429 126
4430 90
4431 90
4432 108
4433 234
4434 216
4435 216
4436 234
4437 126
4438 108
4439 135
4440 81
4441 234
4442 180
4443 162
4444 270
4445 126
4446 90
4447 90
4448 108
4449 216
4450 216
4451 216
4452 234
4453 144
4454 90
4455 108
4456 144
4457 234
4458 216
4459 162
4460 216
4461 108
4462 108
4463 90
4464 108
4465 234
4466 198
4467 216
4468 234
4469 108
4470 126
4471 90
4472 108
4473 234
4474 198
4475 216
4476 216
4477 126
4478 90
4479 90
4480 108
4481 216
4482 216
4483 216
4484 234
4485 117
4486 90
4487 162
4488 90
4489 126
4490 270
4491 126
4492 198
4493 126
4494 108
4495 108
4496 108
4497 216
4498 198
4499 198
4500 234
4501 99
4502 108
4503 90
4504 108
4505 198
4506 198
4507 216
4508 234
4509 108
4510 126
4511 90
4512 90
4513 234
4514 198
4515 252
4516 198
4517 126
4518 90
4519 108
4520 108
4521 216
4522 216
4523 198
4524 234
4525 144
4526 72
4527 108
4528 108
4529 126
4530 324
4531 198
4532 216
4533 126
4534 90
4535 90
4536 108
4537 216
4538 216
4539 216
4540 234
4541 81
4542 108
4543 72
4544 108
4545 216
4546 198
4547 234
4548 234
4549 81
4550 108
4551 90
4552 135
4553 216
4554 198
4555 180
4556 234
4557 108
4558 126
4559 90
4560 90
4561 234
4562 198
4563 252
4564 198
4565 126
4566 90
4567 108
4568 108
4569 216
4570 216
4571 198
4572 234
4573 144
4574 72
4575 99
4576 90
4577 126
4578 324
4579 144
4580 270
4581 126
4582 90
4583 90
4584 144
4585 216
4586 216
4587 162
4588 162
4589 45
4590 81
4591 117
4592 126
4593 270
4594 198
4595 216
4596 144
4597 153
4598 90
4599 99
4600 126
4601 216
4602 234
4603 180
4604 216
4605 126
4606 72
4607 90
4608 108
4609 270
4610 270
4611 216
4612 234
4613 90
4614 126
4615 90
4616 108
4617 216
4618 198
4619 216
4620 216
4621 126
4622 90
4623 90
4624 108
4625 216
4626 216
4627 198
4628 252
4629 63
4630 108
4631 72
4632 117
4633 234
4634 198
4635 252
4636 234
4637 126
4638 108
4639 81
4640 108
4641 216
4642 198
4643 198
4644 234
4645 81
4646 81
4647 99
4648 117
4649 198
4650 216
4651 252
4652 144
4653 153
4654 90
4655 108
4656 108
4657 216
4658 216
4659 198
4660 234
4661 99
4662 90
4663 90
4664 108
4665 180
4666 216
4667 234
4668 234
4669 81
4670 90
4671 117
4672 117
4673 198
4674 216
4675 216
4676 144
4677 108
4678 63
4679 126
4680 135
4681 216
4682 234
4683 162
4684 198
4685 144
4686 99
4687 126
4688 117
4689 180
4690 180
4691 144
4692 198
4693 117
4694 108
4695 90
4696 108
4697 234
4698 162
4699 180
4700 270
4701 108
4702 108
4703 90
4704 153
4705 216
4706 216
4707 198
4708 180
4709 126
4710 108
4711 108
4712 108
4713 216
4714 198
4715 198
4716 234
4717 126
4718 126
4719 90
4720 126
4721 216
4722 144
4723 216
4724 144
4725 126
4726 108
4727 135
4728 81
4729 234
4730 180
4731 144
4732 288
4733 126
4734 99
4735 90
4736 108
4737 216
4738 180
4739 216
4740 234
4741 117
4742 117
4743 117
4744 108
4745 234
4746 180
4747 198
4748 270
4749 126
4750 90
4751 81
4752 117
4753 216
4754 216
4755 180
4756 270
4757 108
4758 108
4759 108
4760 108
4761 198
4762 216
4763 198
4764 216
4765 81
4766 72
4767 90
4768 108
4769 216
4770 252
4771 216
4772 234
4773 108
4774 126
4775 81
4776 99
4777 234
4778 198
4779 198
4780 234
4781 126
4782 90
4783 81
4784 108
4785 216
4786 216
4787 198
4788 234
4789 81
4790 117
4791 153
4792 81
4793 216
4794 252
4795 144
4796 216
4797 126
4798 108
4799 90
4800 81
4801 198
4802 216
4803 288
4804 180
4805 117
4806 108
4807 171
4808 153
4809 234
4810 180
4811 180
4812 306
4813 135
4814 90
4815 126
4816 126
4817 216
4818 216
4819 216
4820 234
4821 126
4822 81
4823 135
4824 126
4825 216
4826 216
4827 216
4828 216
4829 153
4830 108
4831 90
4832 108
4833 198
4834 198
4835 234
4836 216
4837 108
4838 126
4839 90
4840 108
4841 234
4842 198
4843 216
4844 216
4845 126
4846 90
4847 90
4848 108
4849 216
4850 216
4851 216
4852 234
4853 108
4854 198
4855 180
4856 198
4857 126
4858 234
4859 216
4860 162
4861 144
4862 198
4863 198
4864 216
4865 180
4866 252
4867 234
4868 162
4869 72
4870 288
4871 180
4872 45
4873 126
4874 90
4875 360
4876 180
4877 45
4878 189
4879 126
4880 198
4881 234
4882 108
4883 144
4884 342
4885 108
4886 198
4887 198
4888 198
4889 180
4890 234
4891 180
4892 162
4893 90
4894 198
4895 198
4896 198
4897 63
4898 117
4899 180
4900 234
4901 144
4902 162
4903 99
4904 108
4905 54
4906 252
4907 198
4908 54
4909 81
4910 252
4911 216
4912 54
4913 45
4914 135
4915 144
4916 288
4917 198
4918 162
4919 108
4920 180
4921 198
4922 288
4923 180
4924 162
4925 99
4926 117
4927 108
4928 180
4929 36
4930 108
4931 126
4932 99
4933 108
4934 234
4935 198
4936 198
4937 216
4938 126
4939 90
4940 90
4941 108
4942 216
4943 216
4944 216
4945 234
4946 117
4947 126
4948 135
4949 108
4950 90
4951 45
4952 306
4953 198
4954 288
4955 108
4956 252
4957 108
4958 126
4959 90
4960 108
4961 54
4962 108
4963 72
4964 216
4965 216
4966 216
4967 72
4968 216
4969 90
4970 126
4971 54
4972 162
4973 72
4974 144
4975 306
4976 162
4977 252
4978 90
4979 72
4980 81
4981 135
4982 234
4983 252
4984 198
4985 216
4986 108
4987 108
4988 90
4989 108
4990 234
4991 198
4992 216
4993 234
4994 153
4995 117
4996 63
4997 135
4998 198
4999 144
5000 234
5001 162
5002 126
5003 108
5004 90
5005 135
5006 216
5007 198
5008 216
5009 234
5010 126
5011 108
5012 126
5013 135
5014 216
5015 180
5016 144
5017 72
5018 126
5019 126
5020 90
5021 117
5022 216
5023 144
5024 216
5025 144
5026 126
5027 108
5028 90
5029 108
5030 216
5031 198
5032 216
5033 234
5034 99
5035 117
5036 108
5037 117
5038 198
5039 216
5040 198
5041 144
5042 126
5043 90
5044 108
5045 108
5046 216
5047 216
5048 198
5049 234
5050 126
5051 108
5052 90
5053 108
5054 216
5055 198
5056 216
5057 234
5058 135
5059 99
5060 99
5061 117
5062 234
5063 180
5064 180
5065 252
5066 126
5067 90
5068 90
5069 108
5070 216
5071 216
5072 216
5073 234
5074 99
5075 90
5076 108
5077 108
5078 198
5079 216
5080 198
5081 234
5082 81
5083 117
5084 90
5085 144
5086 216
5087 198
5088 216
5089 162
5090 126
5091 108
5092 90
5093 108
5094 216
5095 198
5096 216
5097 234
5098 135
5099 117
5100 81
5101 126
5102 234
5103 126
5104 198
5105 162
5106 135
5107 99
5108 99
5109 117
5110 234
5111 180
5112 180
5113 252
5114 126
5115 108
5116 90
5117 108
5118 216
5119 198
5120 216
5121 234
5122 153
5123 81
5124 99
5125 117
5126 216
5127 198
5128 180
5129 252
5130 126
5131 90
5132 90
5133 108
5134 216
5135 216
5136 216
5137 234
5138 126
5139 108
5140 108
5141 108
5142 216
5143 198
5144 198
5145 234
5146 135
5147 99
5148 99
5149 117
5150 234
5151 180
5152 180
5153 252
5154 126
5155 108
5156 90
5157 108
5158 216
5159 198
5160 216
5161 234
5162 153
5163 45
5164 81
5165 117
5166 216
5167 234
5168 198
5169 252
5170 135
5171 99
5172 99
5173 117
5174 234
5175 180
5176 180
5177 252
5178 126
5179 108
5180 90
5181 108
5182 216
5183 198
5184 216
5185 234
5186 153
5187 81
5188 144
5189 126
5190 216
5191 198
5192 144
5193 162
5194 126
5195 90
5196 126
5197 153
5198 216
5199 216
5200 144
5201 198
5202 126
5203 108
5204 108
5205 108
5206 216
5207 198
5208 198
5209 234
5210 135
5211 81
5212 81
5213 117
5214 234
5215 198
5216 198
5217 252
5218 126
5219 108
5220 81
5221 144
5222 216
5223 198
5224 144
5225 162
5226 126
5227 90
5228 153
5229 117
5230 234
5231 198
5232 144
5233 162
5234 99
5235 117
5236 90
5237 72
5238 198
5239 306
5240 234
5241 252
5242 90
5243 63
5244 90
5245 108
5246 288
5247 198
5248 216
5249 234
5250 135
5251 99
5252 81
5253 117
5254 234
5255 180
5256 198
5257 252
5258 126
5259 90
5260 108
5261 108
5262 216
5263 216
5264 180
5265 252
5266 135
5267 72
5268 108
5269 108
5270 324
5271 270
5272 198
5273 234
5274 99
5275 117
5276 72
5277 72
5278 198
5279 306
5280 252
5281 252
5282 126
5283 108
5284 108
5285 108
5286 216
5287 198
5288 180
5289 252
5290 135
5291 81
5292 117
5293 99
5294 234
5295 198
5296 162
5297 270
5298 126
5299 126
5300 108
5301 72
5302 198
5303 198
5304 198
5305 270
5306 126
5307 90
5308 90
5309 108
5310 216
5311 198
5312 216
5313 234
5314 126
5315 144
5316 108
5317 72
5318 180
5319 198
5320 198
5321 270
5322 126
5323 99
5324 90
5325 99
5326 216
5327 234
5328 216
5329 216
5330 126
5331 90
5332 108
5333 108
5334 234
5335 216
5336 198
5337 234
5338 126
5339 144
5340 90
5341 72
5342 198
5343 180
5344 216
5345 270
5346 99
5347 108
5348 117
5349 108
5350 216
5351 198
5352 216
5353 234
5354 126
5355 126
5356 90
5357 72
5358 180
5359 216
5360 216
5361 270
5362 126
5363 144
5364 108
5365 72
5366 180
5367 198
5368 198
5369 270
5370 126
5371 108
5372 90
5373 108
5374 216
5375 180
5376 216
5377 234
5378 126
5379 144
5380 108
5381 72
5382 180
5383 198
5384 216
5385 252
5386 126
5387 99
5388 90
5389 99
5390 216
5391 234
5392 216
5393 216
5394 126
5395 108
5396 108
5397 108
5398 234
5399 198
5400 198
5401 234
5402 126
5403 126
5404 90
5405 72
5406 180
5407 216
5408 216
5409 270
5410 99
5411 108
5412 117
5413 108
5414 216
5415 198
5416 216
5417 234
5418 126
5419 126
5420 90
5421 72
5422 180
5423 216
5424 234
5425 252
5426 108
5427 99
5428 81
5429 117
5430 216
5431 180
5432 198
5433 252
5434 126
5435 108
5436 90
5437 108
5438 216
5439 198
5440 216
5441 234
5442 90
5443 99
5444 63
5445 117
5446 234
5447 180
5448 216
5449 234
5450 126
5451 90
5452 90
5453 108
5454 216
5455 216
5456 234
5457 234
5458 126
5459 108
5460 108
5461 108
5462 216
5463 198
5464 198
5465 234
5466 135
5467 81
5468 81
5469 117
5470 234
5471 198
5472 198
5473 252
5474 126
5475 108
5476 90
5477 108
5478 216
5479 198
5480 216
5481 234
5482 135
5483 81
5484 81
5485 117
5486 234
5487 198
5488 198
5489 252
5490 90
5491 99
5492 108
5493 126
5494 234
5495 180
5496 180
5497 162
5498 126
5499 108
5500 108
5501 108
5502 216
5503 198
5504 198
5505 234
5506 99
5507 90
5508 135
5509 126
5510 180
5511 234
5512 216
5513 126
5514 126
5515 108
5516 108
5517 108
5518 216
5519 198
5520 180
5521 252
5522 135
5523 81
5524 99
5525 117
5526 234
5527 198
5528 180
5529 252
5530 108
5531 90
5532 117
5533 108
5534 216
5535 216
5536 198
5537 234
5538 126
5539 144
5540 90
5541 72
5542 198
5543 180
5544 234
5545 252
5546 90
5547 153
5548 99
5549 126
5550 270
5551 162
5552 180
5553 162
5554 135
5555 99
5556 99
5557 117
5558 234
5559 180
5560 180
5561 252
5562 99
5563 99
5564 90
5565 135
5566 198
5567 288
5568 216
5569 234
5570 108
5571 108
5572 108
5573 108
5574 198
5575 198
5576 198
5577 234
5578 135
5579 81
5580 81
5581 117
5582 234
5583 198
5584 198
5585 252
5586 126
5587 108
5588 117
5589 153
5590 216
5591 198
5592 144
5593 162
5594 135
5595 81
5596 117
5597 153
5598 216
5599 216
5600 108
5601 198
5602 108
5603 108
5604 108
5605 126
5606 252
5607 180
5608 198
5609 216
5610 108
5611 144
5612 90
5613 108
5614 234
5615 144
5616 234
5617 144
5618 135
5619 99
5620 99
5621 117
5622 234
5623 180
5624 180
5625 252
5626 126
5627 99
5628 90
5629 108
5630 216
5631 198
5632 216
5633 234
5634 108
5635 153
5636 90
5637 117
5638 198
5639 162
5640 216
5641 144
5642 135
5643 99
5644 99
5645 117
5646 234
5647 180
5648 180
5649 252
5650 126
5651 108
5652 90
5653 108
5654 216
5655 198
5656 216
5657 234
5658 135
5659 99
5660 108
5661 54
5662 108
5663 72
5664 234
5665 180
5666 216
5667 36
5668 216
5669 126
5670 126
5671 90
5672 108
5673 54
5674 108
5675 72
5676 216
5677 216
5678 216
5679 72
5680 216
5681 90
5682 126
5683 108
5684 108
5685 108
5686 216
5687 198
5688 198
5689 234
5690 108
5691 126
5692 81
5693 126
5694 216
5695 162
5696 198
5697 162
5698 126
5699 108
5700 108
5701 54
5702 108
5703 72
5704 216
5705 198
5706 216
5707 72
5708 216
5709 90
5710 135
5711 99
5712 108
5713 54
5714 108
5715 72
5716 234
5717 180
5718 216
5719 36
5720 216
5721 126
5722 99
5723 135
5724 144
5725 99
5726 216
5727 162
5728 144
5729 180
5730 108
5731 108
5732 135
5733 81
5734 252
5735 180
5736 144
5737 288
5738 126
5739 99
5740 108
5741 117
5742 198
5743 180
5744 180
5745 180
5746 126
5747 153
5748 288
5749 126
5750 234
5751 162
5752 162
5753 270
5754 144
5755 234
5756 162
5757 162
5758 117
5759 117
5760 144
5761 90
5762 234
5763 180
5764 144
5765 270
5766 144
5767 81
5768 99
5769 99
5770 198
5771 198
5772 180
5773 270
5774 108
5775 108
5776 153
5777 81
5778 252
5779 180
5780 90
5781 306
5782 153
5783 81
5784 108
5785 99
5786 216
5787 198
5788 108
5789 342
5790 108
5791 108
5792 90
5793 108
5794 216
5795 180
5796 216
5797 234
5798 171
5799 153
5800 252
5801 126
5802 234
5803 162
5804 162
5805 252
5806 162
5807 234
5808 144
5809 144
5810 126
5811 108
5812 99
5813 135
5814 216
5815 198
5816 126
5817 234
5818 171
5819 144
5820 234
5821 126
5822 234
5823 162
5824 162
5825 198
5826 144
5827 234
5828 162
5829 162
5830 99
5831 99
5832 108
5833 108
5834 252
5835 216
5836 198
5837 234
5838 135
5839 90
5840 90
5841 108
5842 234
5843 180
5844 234
5845 216
5846 126
5847 108
5848 90
5849 108
5850 234
5851 180
5852 180
5853 270
5854 153
5855 63
5856 117
5857 99
5858 198
5859 234
5860 144
5861 288
5862 117
5863 81
5864 108
5865 108
5866 306
5867 198
5868 198
5869 234
5870 198
5871 135
5872 54
5873 360
5874 180
5875 63
5876 252
5877 126
5878 270
5879 162
5880 198
5881 234
5882 144
5883 162
5884 126
5885 108
5886 90
5887 108
5888 216
5889 198
5890 198
5891 252
5892 117
5893 162
5894 90
5895 126
5896 234
5897 270
5898 180
5899 270
5900 126
5901 90
5902 117
5903 99
5904 216
5905 216
5906 234
5907 198
5908 126
5909 108
5910 99
5911 99
5912 216
5913 198
5914 252
5915 198
5916 99
5917 135
5918 117
5919 99
5920 198
5921 216
5922 234
5923 198
5924 99
5925 117
5926 99
5927 108
5928 198
5929 234
5930 252
5931 234
5932 126
5933 108
5934 108
5935 117
5936 216
5937 198
5938 198
5939 270
5940 126
5941 108
5942 90
5943 99
5944 216
5945 198
5946 216
5947 198
5948 126
5949 81
5950 81
5951 117
5952 216
5953 180
5954 180
5955 270
5956 126
5957 117
5958 90
5959 99
5960 216
5961 234
5962 216
5963 198
5964 99
5965 135
5966 117
5967 99
5968 198
5969 216
5970 234
5971 198
5972 99
5973 108
5974 99
5975 99
5976 198
5977 198
5978 252
5979 198
5980 99
5981 135
5982 108
5983 108
5984 198
5985 216
5986 198
5987 234
5988 99
5989 117
5990 90
5991 108
5992 198
5993 234
5994 216
5995 234
5996 153
5997 81
5998 108
5999 117
6000 234
6001 180
6002 198
6003 270
6004 126
6005 117
6006 90
6007 99
6008 216
6009 234
6010 216
6011 198
6012 126
6013 81
6014 90
6015 108
6016 216
6017 180
6018 216
6019 234
6020 126
6021 117
6022 90
6023 108
6024 216
6025 234
6026 216
6027 234
6028 126
6029 108
6030 135
6031 81
6032 234
6033 180
6034 144
6035 288
6036 126
6037 108
6038 117
6039 81
6040 234
6041 180
6042 180
6043 270
6044 117
6045 117
6046 135
6047 81
6048 234
6049 180
6050 144
6051 288
6052 144
6053 72
6054 108
6055 90
6056 198
6057 234
6058 180
6059 270
6060 126
6061 108
6062 108
6063 108
6064 216
6065 198
6066 198
6067 234
6068 126
6069 90
6070 117
6071 81
6072 234
6073 198
6074 162
6075 288
6076 126
6077 108
6078 90
6079 108
6080 216
6081 198
6082 216
6083 234
6084 117
6085 99
6086 90
6087 135
6088 234
6089 198
6090 198
6091 252
6092 117
6093 117
6094 90
6095 108
6096 234
6097 180
6098 180
6099 270
6100 144
6101 90
6102 99
6103 117
6104 198
6105 216
6106 162
6107 270
6108 126
6109 90
6110 108
6111 108
6112 216
6113 216
6114 198
6115 216
6116 126
6117 90
6118 90
6119 108
6120 216
6121 216
6122 252
6123 216
6124 126
6125 108
6126 108
6127 126
6128 216
6129 198
6130 180
6131 252
6132 153
6133 99
6134 135
6135 126
6136 180
6137 180
6138 72
6139 144
6140 126
6141 135
6142 90
6143 144
6144 216
6145 144
6146 216
6147 162
6148 126
6149 108
6150 108
6151 135
6152 234
6153 180
6154 180
6155 252
6156 153
6157 81
6158 126
6159 135
6160 180
6161 234
6162 72
6163 234
6164 153
6165 99
6166 126
6167 135
6168 180
6169 180
6170 72
6171 144
6172 126
6173 117
6174 135
6175 144
6176 216
6177 144
6178 144
6179 72
6180 99
6181 135
6182 135
6183 54
6184 117
6185 72
6186 216
6187 162
6188 180
6189 36
6190 180
6191 72
6192 108
6193 198
6194 180
6195 198
6196 126
6197 252
6198 162
6199 162
6200 144
6201 198
6202 198
6203 198
6204 180
6205 234
6206 162
6207 162
6208 63
6209 342
6210 198
6211 63
6212 126
6213 270
6214 180
6215 144
6216 126
6217 144
6218 180
6219 234
6220 180
6221 162
6222 126
6223 252
6224 234
6225 198
6226 144
6227 198
6228 198
6229 198
6230 180
6231 234
6232 162
6233 162
6234 162
6235 216
6236 180
6237 180
6238 198
6239 252
6240 126
6241 162
6242 180
6243 234
6244 162
6245 162
6246 144
6247 216
6248 216
6249 198
6250 216
6251 234
6252 144
6253 144
6254 162
6255 252
6256 216
6257 180
6258 144
6259 198
6260 198
6261 198
6262 180
6263 234
6264 162
6265 162
6266 144
6267 216
6268 198
6269 180
6270 180
6271 216
6272 162
6273 162
6274 180
6275 234
6276 162
6277 162
6278 144
6279 198
6280 216
6281 198
6282 180
6283 234
6284 162
6285 180
6286 144
6287 234
6288 198
6289 180
6290 81
6291 288
6292 180
6293 54
6294 180
6295 81
6296 324
6297 198
6298 81
6299 189
6300 162
6301 180
6302 288
6303 126
6304 144
6305 234
6306 90
6307 252
6308 144
6309 45
6310 90
6311 288
6312 216
6313 63
6314 144
6315 306
6316 180
6317 162
6318 162
6319 162
6320 180
6321 270
6322 144
6323 216
6324 144
6325 180
6326 81
6327 90
6328 144
6329 126
6330 270
6331 198
6332 288
6333 162
6334 171
6335 153
6336 90
6337 252
6338 144
6339 45
6340 135
6341 288
6342 198
6343 162
6344 144
6345 180
6346 180
6347 234
6348 162
6349 180
6350 180
6351 252
6352 162
6353 144
6354 108
6355 216
6356 198
6357 234
6358 180
6359 234
6360 162
6361 216
6362 180
6363 252
6364 162
6365 144
6366 180
6367 252
6368 180
6369 162
6370 180
6371 252
6372 162
6373 234
6374 144
6375 234
6376 252
6377 252
6378 72
6379 288
6380 180
6381 45
6382 81
6383 288
6384 180
6385 54
6386 108
6387 153
6388 126
6389 198
6390 126
6391 180
6392 234
6393 270
6394 81
6395 288
6396 180
6397 54
6398 90
6399 288
6400 180
6401 72
6402 117
6403 171
6404 126
6405 180
6406 108
6407 216
6408 306
6409 270
6410 90
6411 270
6412 288
6413 234
6414 63
6415 45
6416 81
6417 180
6418 81
6419 324
6420 180
6421 63
6422 162
6423 126
6424 234
6425 162
6426 126
6427 126
6428 180
6429 324
6430 108
6431 126
6432 108
6433 117
6434 234
6435 180
6436 234
6437 198
6438 144
6439 234
6440 180
6441 45
6442 198
6443 108
6444 306
6445 162
6446 45
6447 144
6448 144
6449 198
6450 198
6451 108
6452 162
6453 180
6454 81
6455 180
6456 108
6457 126
6458 162
6459 144
6460 234
6461 216
6462 180
6463 135
6464 108
6465 126
6466 162
6467 270
6468 126
6469 126
6470 90
6471 126
6472 108
6473 117
6474 108
6475 216
6476 198
6477 234
6478 234
6479 126
6480 135
6481 81
6482 117
6483 216
6484 144
6485 180
6486 162
6487 99
6488 108
6489 117
6490 108
6491 198
6492 198
6493 234
6494 234
6495 153
6496 153
6497 81
6498 117
6499 234
6500 144
6501 180
6502 162
6503 99
6504 108
6505 117
6506 108
6507 198
6508 198
6509 234
6510 234
6511 153
6512 153
6513 81
6514 117
6515 234
6516 144
6517 180
6518 162
6519 99
6520 108
6521 108
6522 108
6523 198
6524 198
6525 198
6526 234
6527 153
6528 153
6529 90
6530 126
6531 234
6532 144
6533 216
6534 144
6535 126
6536 108
6537 108
6538 108
6539 234
6540 180
6541 180
6542 252
6543 126
6544 99
6545 90
6546 108
6547 216
6548 180
6549 216
6550 234
6551 153
6552 81
6553 135
6554 117
6555 198
6556 216
6557 72
6558 216
6559 126
6560 90
6561 99
6562 108
6563 216
6564 216
6565 198
6566 234
6567 117
6568 126
6569 99
6570 135
6571 234
6572 162
6573 180
6574 198
6575 135
6576 117
6577 108
6578 108
6579 234
6580 126
6581 180
6582 198
6583 108
6584 108
6585 153
6586 144
6587 198
6588 198
6589 162
6590 162
6591 126
6592 144
6593 108
6594 144
6595 234
6596 126
6597 126
6598 90
6599 36
6600 90
6601 72
6602 126
6603 234
6604 216
6605 234
6606 198
6607 63
6608 90
6609 72
6610 108
6611 252
6612 198
6613 234
6614 234
6615 90
6616 90
6617 81
6618 126
6619 252
6620 198
6621 180
6622 180
6623 144
6624 108
6625 108
6626 108
6627 180
6628 234
6629 198
6630 216
6631 99
6632 108
6633 108
6634 162
6635 162
6636 216
6637 198
6638 90
6639 81
6640 126
6641 117
6642 135
6643 198
6644 180
6645 216
6646 90
6647 90
6648 108
6649 99
6650 135
6651 306
6652 162
6653 234
6654 198
6655 99
6656 108
6657 72
6658 126
6659 306
6660 198
6661 234
6662 162
6663 72
6664 135
6665 90
6666 144
6667 198
6668 180
6669 162
6670 234
6671 108
6672 144
6673 63
6674 153
6675 234
6676 162
6677 180
6678 216
6679 81
6680 126
6681 81
6682 81
6683 162
6684 252
6685 288
6686 198
6687 126
6688 135
6689 99
6690 90
6691 162
6692 144
6693 270
6694 180
6695 54
6696 135
6697 99
6698 99
6699 216
6700 180
6701 180
6702 270
6703 108
6704 144
6705 126
6706 126
6707 234
6708 162
6709 162
6710 198
6711 63
6712 45
6713 81
6714 99
6715 252
6716 216
6717 180
6718 252
6719 72
6720 99
6721 90
6722 144
6723 234
6724 180
6725 180
6726 234
6727 126
6728 108
6729 63
6730 153
6731 234
6732 162
6733 180
6734 216
6735 126
6736 126
6737 108
6738 90
6739 180
6740 252
6741 198
6742 252
6743 126
6744 135
6745 108
6746 90
6747 162
6748 144
6749 198
6750 216
6751 81
6752 90
6753 72
6754 126
6755 234
6756 234
6757 216
6758 198
6759 63
6760 90
6761 72
6762 108
6763 270
6764 180
6765 216
6766 252
6767 144
6768 108
6769 90
6770 108
6771 180
6772 216
6773 252
6774 198
6775 144
6776 144
6777 54
6778 72
6779 180
6780 162
6781 270
6782 252
6783 135
6784 99
6785 117
6786 171
6787 216
6788 216
6789 180
6790 198
6791 135
6792 126
6793 108
6794 90
6795 216
6796 144
6797 162
6798 252
6799 81
6800 126
6801 117
6802 126
6803 198
6804 180
6805 216
6806 144
6807 81
6808 90
6809 153
6810 117
6811 324
6812 162
6813 72
6814 144
6815 117
6816 171
6817 72
6818 108
6819 162
6820 180
6821 252
6822 180
6823 126
6824 108
6825 90
6826 126
6827 198
6828 162
6829 180
6830 90
6831 36
6832 72
6833 72
6834 108
6835 252
6836 234
6837 234
6838 234
6839 81
6840 90
6841 117
6842 117
6843 216
6844 216
6845 198
6846 144
6847 90
6848 63
6849 99
6850 117
6851 234
6852 216
6853 180
6854 252
6855 81
6856 108
6857 90
6858 153
6859 216
6860 198
6861 216
6862 162
6863 135
6864 99
6865 99
6866 117
6867 234
6868 180
6869 180
6870 252
6871 126
6872 117
6873 90
6874 135
6875 216
6876 144
6877 216
6878 144
6879 108
6880 99
6881 81
6882 117
6883 216
6884 180
6885 198
6886 252
6887 126
6888 99
6889 90
6890 108
6891 216
6892 198
6893 216
6894 234
6895 90
6896 99
6897 72
6898 45
6899 108
6900 72
6901 234
6902 180
6903 252
6904 45
6905 216
6906 126
6907 126
6908 90
6909 108
6910 54
6911 108
6912 72
6913 216
6914 216
6915 216
6916 72
6917 216
6918 90
6919 108
6920 135
6921 108
6922 144
6923 198
6924 180
6925 198
6926 162
6927 126
6928 126
6929 108
6930 54
6931 144
6932 72
6933 216
6934 144
6935 216
6936 72
6937 144
6938 36
6939 45
6940 72
6941 72
6942 108
6943 252
6944 234
6945 234
6946 234
6947 54
6948 54
6949 153
6950 126
6951 180
6952 306
6953 216
6954 198
6955 81
6956 90
6957 72
6958 108
6959 216
6960 216
6961 234
6962 234
6963 81
6964 90
6965 72
6966 108
6967 216
6968 216
6969 216
6970 252
6971 81
6972 108
6973 72
6974 108
6975 198
6976 198
6977 252
6978 234
6979 81
6980 90
6981 72
6982 108
6983 216
6984 216
6985 234
6986 234
6987 81
6988 90
6989 72
6990 108
6991 216
6992 216
6993 234
6994 234
6995 81
6996 108
6997 117
6998 117
6999 198
7000 198
7001 216
7002 126
7003 108
7004 45
7005 99
7006 117
7007 216
7008 234
7009 180
7010 252
7011 99
7012 54
7013 171
7014 153
7015 144
7016 288
7017 216
7018 270
7019 81
7020 72
7021 90
7022 108
7023 216
7024 234
7025 216
7026 234
7027 135
7028 99
7029 99
7030 117
7031 234
7032 180
7033 180
7034 252
7035 126
7036 90
7037 90
7038 108
7039 216
7040 216
7041 216
7042 234
7043 81
7044 117
7045 108
7046 117
7047 216
7048 198
7049 198
7050 144
7051 81
7052 90
7053 171
7054 144
7055 216
7056 252
7057 234
7058 144
7059 126
7060 108
7061 90
7062 108
7063 216
7064 198
7065 216
7066 234
7067 108
7068 81
7069 81
7070 162
7071 216
7072 180
7073 198
7074 198
7075 135
7076 144
7077 99
7078 270
7079 162
7080 45
7081 144
7082 288
7083 216
7084 144
7085 144
7086 126
7087 135
7088 99
7089 81
7090 117
7091 234
7092 180
7093 198
7094 252
7095 126
7096 108
7097 108
7098 108
7099 216
7100 198
7101 180
7102 252
7103 126
7104 126
7105 108
7106 72
7107 198
7108 198
7109 216
7110 252
7111 126
7112 99
7113 90
7114 99
7115 216
7116 234
7117 216
7118 216
7119 126
7120 108
7121 108
7122 108
7123 216
7124 198
7125 180
7126 252
7127 135
7128 117
7129 126
7130 108
7131 234
7132 126
7133 162
7134 216
7135 99
7136 90
7137 117
7138 108
7139 216
7140 216
7141 216
7142 234
7143 144
7144 162
7145 63
7146 90
7147 180
7148 126
7149 252
7150 162
7151 135
7152 99
7153 99
7154 117
7155 234
7156 180
7157 180
7158 252
7159 126
7160 108
7161 90
7162 108
7163 216
7164 198
7165 216
7166 234
7167 135
7168 99
7169 99
7170 117
7171 234
7172 180
7173 180
7174 252
7175 126
7176 90
7177 90
7178 108
7179 216
7180 216
7181 216
7182 234
7183 126
7184 108
7185 108
7186 108
7187 216
7188 198
7189 198
7190 234
7191 135
7192 99
7193 81
7194 117
7195 234
7196 180
7197 198
7198 252
7199 126
7200 108
7201 90
7202 108
7203 216
7204 198
7205 216
7206 234
7207 135
7208 81
7209 81
7210 135
7211 234
7212 198
7213 198
7214 252
7215 99
7216 126
7217 108
7218 153
7219 180
7220 216
7221 198
7222 144
7223 108
7224 135
7225 126
7226 135
7227 234
7228 144
7229 162
7230 72
7231 108
7232 108
7233 108
7234 126
7235 252
7236 180
7237 198
7238 216
7239 108
7240 126
7241 90
7242 90
7243 234
7244 198
7245 234
7246 234
7247 108
7248 99
7249 117
7250 162
7251 216
7252 180
7253 162
7254 180
7255 126
7256 90
7257 126
7258 144
7259 216
7260 216
7261 144
7262 162
7263 126
7264 126
7265 108
7266 108
7267 198
7268 180
7269 216
7270 216
7271 108
7272 108
7273 90
7274 171
7275 252
7276 144
7277 216
7278 162
7279 126
7280 108
7281 126
7282 144
7283 216
7284 198
7285 144
7286 162
7287 135
7288 117
7289 108
7290 144
7291 234
7292 126
7293 126
7294 90
